<?xml version="1.0" encoding="UTF-8"?>
<!-- Generated by org.testng.reporters.JUnitXMLReporter -->
<testsuite hostname="Srajen" ignored="0" name="Test" tests="5" failures="0" timestamp="2022-08-03T12:12:13 IST" time="2.429" errors="0">
  <testcase name="postCallTest" time="1.788" classname="com.practice.tests.postTests"/>
  <testcase name="postRequestUsingExternalFileUsingSingleTon" time="1.788" classname="com.practice.tests.postTests"/>
  <testcase name="getEmployeeDetails" time="1.982" classname="com.practice.tests.GetTests"/>
  <testcase name="postRequestUsingExternalFile" time="2.127" classname="com.practice.tests.postTests"/>
  <testcase name="getEmployeeDetail" time="2.397" classname="com.practice.tests.GetTests"/>
</testsuite> <!-- Test -->
